# JRE version: Java(TM) SE Runtime Environment (8.0_191-b12) (build 1.8.0_191-b12)
# Java VM: Java HotSpot(TM) 64-Bit Server VM (25.191-b12 mixed mode windows-amd64 compressed oops)
Heap:
 PSYoungGen      total 477696K, used 56367K [0x0000000780000000, 0x00000007a0f80000, 0x00000007c0000000)
  eden space 433664K, 4% used [0x0000000780000000,0x000000078116d298,0x000000079a780000)
  from space 44032K, 87% used [0x000000079d780000,0x000000079fd1ed00,0x00000007a0280000)
  to   space 49152K, 0% used [0x000000079a780000,0x000000079a780000,0x000000079d780000)
 ParOldGen       total 344576K, used 206099K [0x0000000700000000, 0x0000000715080000, 0x0000000780000000)
  object space 344576K, 59% used [0x0000000700000000,0x000000070c944f50,0x0000000715080000)
 Metaspace       used 186292K, capacity 197167K, committed 197784K, reserved 1220608K
  class space    used 23395K, capacity 25657K, committed 25752K, reserved 1048576K
GC Heap History (10 events):
Event: 16682.727 GC heap before
{Heap before GC invocations=141 (full 5):
 PSYoungGen      total 405504K, used 361863K [0x0000000780000000, 0x000000079dd00000, 0x00000007c0000000)
  eden space 354304K, 100% used [0x0000000780000000,0x0000000795a00000,0x0000000795a00000)
  from space 51200K, 14% used [0x0000000795a00000,0x0000000796161f00,0x0000000798c00000)
  to   space 50176K, 0% used [0x000000079ac00000,0x000000079ac00000,0x000000079dd00000)
 ParOldGen       total 344576K, used 206054K [0x0000000700000000, 0x0000000715080000, 0x0000000780000000)
  object space 344576K, 59% used [0x0000000700000000,0x000000070c939880,0x0000000715080000)
 Metaspace       used 177697K, capacity 186861K, committed 188184K, reserved 1212416K
  class space    used 22360K, capacity 24157K, committed 24344K, reserved 1048576K
Event: 16682.733 GC heap after
Heap after GC invocations=141 (full 5):
 PSYoungGen      total 438272K, used 4516K [0x0000000780000000, 0x000000079dc80000, 0x00000007c0000000)
  eden space 388608K, 0% used [0x0000000780000000,0x0000000780000000,0x0000000797b80000)
  from space 49664K, 9% used [0x000000079ac00000,0x000000079b069250,0x000000079dc80000)
  to   space 49664K, 0% used [0x0000000797b80000,0x0000000797b80000,0x000000079ac00000)
 ParOldGen       total 344576K, used 206062K [0x0000000700000000, 0x0000000715080000, 0x0000000780000000)
  object space 344576K, 59% used [0x0000000700000000,0x000000070c93b880,0x0000000715080000)
 Metaspace       used 177697K, capacity 186861K, committed 188184K, reserved 1212416K
  class space    used 22360K, capacity 24157K, committed 24344K, reserved 1048576K
}
Event: 16844.792 GC heap before
{Heap before GC invocations=142 (full 5):
 PSYoungGen      total 438272K, used 393124K [0x0000000780000000, 0x000000079dc80000, 0x00000007c0000000)
  eden space 388608K, 100% used [0x0000000780000000,0x0000000797b80000,0x0000000797b80000)
  from space 49664K, 9% used [0x000000079ac00000,0x000000079b069250,0x000000079dc80000)
  to   space 49664K, 0% used [0x0000000797b80000,0x0000000797b80000,0x000000079ac00000)
 ParOldGen       total 344576K, used 206067K [0x0000000700000000, 0x0000000715080000, 0x0000000780000000)
  object space 344576K, 59% used [0x0000000700000000,0x000000070c93cf50,0x0000000715080000)
 Metaspace       used 177944K, capacity 187237K, committed 188568K, reserved 1214464K
  class space    used 22398K, capacity 24215K, committed 24472K, reserved 1048576K
Event: 16844.823 GC heap after
Heap after GC invocations=142 (full 5):
 PSYoungGen      total 438272K, used 17712K [0x0000000780000000, 0x000000079f580000, 0x00000007c0000000)
  eden space 388608K, 0% used [0x0000000780000000,0x0000000780000000,0x0000000797b80000)
  from space 49664K, 35% used [0x0000000797b80000,0x0000000798ccc0d8,0x000000079ac00000)
  to   space 46592K, 0% used [0x000000079c800000,0x000000079c800000,0x000000079f580000)
 ParOldGen       total 344576K, used 206075K [0x0000000700000000, 0x0000000715080000, 0x0000000780000000)
  object space 344576K, 59% used [0x0000000700000000,0x000000070c93ef50,0x0000000715080000)
 Metaspace       used 177944K, capacity 187237K, committed 188568K, reserved 1214464K
  class space    used 22398K, capacity 24215K, committed 24472K, reserved 1048576K
}
Event: 17627.482 GC heap before
{Heap before GC invocations=143 (full 5):
 PSYoungGen      total 438272K, used 406320K [0x0000000780000000, 0x000000079f580000, 0x00000007c0000000)
  eden space 388608K, 100% used [0x0000000780000000,0x0000000797b80000,0x0000000797b80000)
  from space 49664K, 35% used [0x0000000797b80000,0x0000000798ccc0d8,0x000000079ac00000)
  to   space 46592K, 0% used [0x000000079c800000,0x000000079c800000,0x000000079f580000)
 ParOldGen       total 344576K, used 206075K [0x0000000700000000, 0x0000000715080000, 0x0000000780000000)
  object space 344576K, 59% used [0x0000000700000000,0x000000070c93ef50,0x0000000715080000)
 Metaspace       used 178002K, capacity 187255K, committed 188568K, reserved 1214464K
  class space    used 22399K, capacity 24216K, committed 24472K, reserved 1048576K
Event: 17627.507 GC heap after
Heap after GC invocations=143 (full 5):
 PSYoungGen      total 452608K, used 11673K [0x0000000780000000, 0x000000079ec80000, 0x00000007c0000000)
  eden space 415232K, 0% used [0x0000000780000000,0x0000000780000000,0x0000000799580000)
  from space 37376K, 31% used [0x000000079c800000,0x000000079d366780,0x000000079ec80000)
  to   space 44544K, 0% used [0x0000000799580000,0x0000000799580000,0x000000079c100000)
 ParOldGen       total 344576K, used 206083K [0x0000000700000000, 0x0000000715080000, 0x0000000780000000)
  object space 344576K, 59% used [0x0000000700000000,0x000000070c940f50,0x0000000715080000)
 Metaspace       used 178002K, capacity 187255K, committed 188568K, reserved 1214464K
  class space    used 22399K, capacity 24216K, committed 24472K, reserved 1048576K
}
Event: 18456.136 GC heap before
{Heap before GC invocations=144 (full 5):
 PSYoungGen      total 452608K, used 426905K [0x0000000780000000, 0x000000079ec80000, 0x00000007c0000000)
  eden space 415232K, 100% used [0x0000000780000000,0x0000000799580000,0x0000000799580000)
  from space 37376K, 31% used [0x000000079c800000,0x000000079d366780,0x000000079ec80000)
  to   space 44544K, 0% used [0x0000000799580000,0x0000000799580000,0x000000079c100000)
 ParOldGen       total 344576K, used 206083K [0x0000000700000000, 0x0000000715080000, 0x0000000780000000)
  object space 344576K, 59% used [0x0000000700000000,0x000000070c940f50,0x0000000715080000)
 Metaspace       used 182428K, capacity 192233K, committed 193176K, reserved 1218560K
  class space    used 22870K, capacity 24788K, committed 24984K, reserved 1048576K
Event: 18456.161 GC heap after
Heap after GC invocations=144 (full 5):
 PSYoungGen      total 459776K, used 22857K [0x0000000780000000, 0x00000007a0280000, 0x00000007c0000000)
  eden space 415232K, 0% used [0x0000000780000000,0x0000000780000000,0x0000000799580000)
  from space 44544K, 51% used [0x0000000799580000,0x000000079abd2480,0x000000079c100000)
  to   space 44032K, 0% used [0x000000079d780000,0x000000079d780000,0x00000007a0280000)
 ParOldGen       total 344576K, used 206091K [0x0000000700000000, 0x0000000715080000, 0x0000000780000000)
  object space 344576K, 59% used [0x0000000700000000,0x000000070c942f50,0x0000000715080000)
 Metaspace       used 182428K, capacity 192233K, committed 193176K, reserved 1218560K
  class space    used 22870K, capacity 24788K, committed 24984K, reserved 1048576K
}
Event: 18460.732 GC heap before
{Heap before GC invocations=145 (full 5):
 PSYoungGen      total 459776K, used 438089K [0x0000000780000000, 0x00000007a0280000, 0x00000007c0000000)
  eden space 415232K, 100% used [0x0000000780000000,0x0000000799580000,0x0000000799580000)
  from space 44544K, 51% used [0x0000000799580000,0x000000079abd2480,0x000000079c100000)
  to   space 44032K, 0% used [0x000000079d780000,0x000000079d780000,0x00000007a0280000)
 ParOldGen       total 344576K, used 206091K [0x0000000700000000, 0x0000000715080000, 0x0000000780000000)
  object space 344576K, 59% used [0x0000000700000000,0x000000070c942f50,0x0000000715080000)
 Metaspace       used 186173K, capacity 196927K, committed 197400K, reserved 1220608K
  class space    used 23373K, capacity 25577K, committed 25624K, reserved 1048576K
Event: 18460.778 GC heap after
Heap after GC invocations=145 (full 5):
 PSYoungGen      total 477696K, used 38523K [0x0000000780000000, 0x00000007a0f80000, 0x00000007c0000000)
  eden space 433664K, 0% used [0x0000000780000000,0x0000000780000000,0x000000079a780000)
  from space 44032K, 87% used [0x000000079d780000,0x000000079fd1ed00,0x00000007a0280000)
  to   space 49152K, 0% used [0x000000079a780000,0x000000079a780000,0x000000079d780000)
 ParOldGen       total 344576K, used 206099K [0x0000000700000000, 0x0000000715080000, 0x0000000780000000)
  object space 344576K, 59% used [0x0000000700000000,0x000000070c944f50,0x0000000715080000)
 Metaspace       used 186173K, capacity 196927K, committed 197400K, reserved 1220608K
  class space    used 23373K, capacity 25577K, committed 25624K, reserved 1048576K
}

